<?xml version="1.0" encoding="UTF-8"?>
<testng-results skipped="0" failed="0" total="1" passed="1">
  <reporter-output>
  </reporter-output>
  <suite name="Default suite" duration-ms="9856" started-at="2015-09-03T06:12:42Z" finished-at="2015-09-03T06:12:52Z">
    <groups>
    </groups>
    <test name="Default test" duration-ms="9856" started-at="2015-09-03T06:12:42Z" finished-at="2015-09-03T06:12:52Z">
      <class name="com.screenshoot.CaptureScreenshot">
        <test-method status="PASS" signature="setUp()[pri:0, instance:com.screenshoot.CaptureScreenshot@5474c6c]" name="setUp" is-config="true" duration-ms="9080" started-at="2015-09-02T23:12:42Z" finished-at="2015-09-02T23:12:51Z">
          <reporter-output>
          </reporter-output>
        </test-method> <!-- setUp -->
        <test-method status="PASS" signature="test()[pri:0, instance:com.screenshoot.CaptureScreenshot@5474c6c]" name="test" duration-ms="240" started-at="2015-09-02T23:12:51Z" finished-at="2015-09-02T23:12:52Z">
          <reporter-output>
          </reporter-output>
        </test-method> <!-- test -->
        <test-method status="PASS" signature="tearDown()[pri:0, instance:com.screenshoot.CaptureScreenshot@5474c6c]" name="tearDown" is-config="true" duration-ms="516" started-at="2015-09-02T23:12:52Z" finished-at="2015-09-02T23:12:52Z">
          <reporter-output>
          </reporter-output>
        </test-method> <!-- tearDown -->
      </class> <!-- com.screenshoot.CaptureScreenshot -->
    </test> <!-- Default test -->
  </suite> <!-- Default suite -->
</testng-results>
