<?xml version="1.0" encoding="UTF-8"?>
<testng-results skipped="0" failed="0" total="3" passed="3">
  <reporter-output>
  </reporter-output>
  <suite name="Suite" duration-ms="51784" started-at="2015-09-02T06:43:22Z" finished-at="2015-09-02T06:44:14Z">
    <groups>
    </groups>
    <test name="Test" duration-ms="51784" started-at="2015-09-02T06:43:22Z" finished-at="2015-09-02T06:44:14Z">
      <class name="frameworkborland.Borland_001">
        <test-method status="PASS" signature="lunchbrowser()[pri:0, instance:frameworkborland.Borland_001@2fc14f68]" name="lunchbrowser" is-config="true" duration-ms="7265" started-at="2015-09-01T23:43:22Z" finished-at="2015-09-01T23:43:29Z">
          <reporter-output>
          </reporter-output>
        </test-method> <!-- lunchbrowser -->
        <test-method status="PASS" signature="about_gmo_site()[pri:0, instance:frameworkborland.Borland_001@2fc14f68]" name="about_gmo_site" duration-ms="740" started-at="2015-09-01T23:43:29Z" finished-at="2015-09-01T23:43:30Z">
          <reporter-output>
          </reporter-output>
        </test-method> <!-- about_gmo_site -->
        <test-method status="PASS" signature="closebrowser()[pri:0, instance:frameworkborland.Borland_001@2fc14f68]" name="closebrowser" is-config="true" duration-ms="462" started-at="2015-09-01T23:43:30Z" finished-at="2015-09-01T23:43:31Z">
          <reporter-output>
          </reporter-output>
        </test-method> <!-- closebrowser -->
        <test-method status="PASS" signature="lunchbrowser()[pri:0, instance:frameworkborland.Borland_001@2fc14f68]" name="lunchbrowser" is-config="true" duration-ms="6347" started-at="2015-09-01T23:43:31Z" finished-at="2015-09-01T23:43:38Z">
          <reporter-output>
          </reporter-output>
        </test-method> <!-- lunchbrowser -->
        <test-method status="PASS" signature="billinginfo(java.lang.String, java.lang.String, java.lang.String, java.lang.String, java.lang.String, java.lang.String, java.lang.String, java.lang.String)[pri:0, instance:frameworkborland.Borland_001@2fc14f68]" name="billinginfo" duration-ms="27378" started-at="2015-09-01T23:43:38Z" data-provider="Authentication" finished-at="2015-09-01T23:44:05Z">
          <params>
            <param index="0">
              <value>
                <![CDATA[MD]]>
              </value>
            </param>
            <param index="1">
              <value>
                <![CDATA[351 S ST ANDREWS PL]]>
              </value>
            </param>
            <param index="2">
              <value>
                <![CDATA[LA]]>
              </value>
            </param>
            <param index="3">
              <value>
                <![CDATA[CA]]>
              </value>
            </param>
            <param index="4">
              <value>
                <![CDATA[213-841-7273]]>
              </value>
            </param>
            <param index="5">
              <value>
                <![CDATA[enam@gmail.com]]>
              </value>
            </param>
            <param index="6">
              <value>
                <![CDATA[Visa]]>
              </value>
            </param>
            <param index="7">
              <value>
                <![CDATA[1233-3333-3335-5665]]>
              </value>
            </param>
          </params>
          <reporter-output>
          </reporter-output>
        </test-method> <!-- billinginfo -->
        <test-method status="PASS" signature="closebrowser()[pri:0, instance:frameworkborland.Borland_001@2fc14f68]" name="closebrowser" is-config="true" duration-ms="342" started-at="2015-09-01T23:44:05Z" finished-at="2015-09-01T23:44:05Z">
          <reporter-output>
          </reporter-output>
        </test-method> <!-- closebrowser -->
        <test-method status="PASS" signature="lunchbrowser()[pri:0, instance:frameworkborland.Borland_001@2fc14f68]" name="lunchbrowser" is-config="true" duration-ms="6744" started-at="2015-09-01T23:44:05Z" finished-at="2015-09-01T23:44:12Z">
          <reporter-output>
          </reporter-output>
        </test-method> <!-- lunchbrowser -->
        <test-method status="PASS" signature="browser_test_page()[pri:0, instance:frameworkborland.Borland_001@2fc14f68]" name="browser_test_page" duration-ms="1310" started-at="2015-09-01T23:44:12Z" finished-at="2015-09-01T23:44:13Z">
          <reporter-output>
          </reporter-output>
        </test-method> <!-- browser_test_page -->
        <test-method status="PASS" signature="closebrowser()[pri:0, instance:frameworkborland.Borland_001@2fc14f68]" name="closebrowser" is-config="true" duration-ms="426" started-at="2015-09-01T23:44:13Z" finished-at="2015-09-01T23:44:14Z">
          <reporter-output>
          </reporter-output>
        </test-method> <!-- closebrowser -->
      </class> <!-- frameworkborland.Borland_001 -->
    </test> <!-- Test -->
  </suite> <!-- Suite -->
</testng-results>
