<?xml version="1.0" encoding="UTF-8"?>
<!-- Generated by org.testng.reporters.JUnitXMLReporter -->
<testsuite hostname="sumaia-HP" name="Test" tests="3" failures="0" timestamp="2 Sep 2015 06:44:14 GMT" time="51.784" errors="0">
  <testcase name="about_gmo_site" time="0.74" classname="frameworkborland.Borland_001"/>
  <testcase name="billinginfo" time="27.378" classname="frameworkborland.Borland_001"/>
  <testcase name="browser_test_page" time="1.31" classname="frameworkborland.Borland_001"/>
</testsuite> <!-- Test -->
